2024-02-02T03:06:33.899+01:00  INFO 18116 --- [main] com.example.ddmdemo.DdmdemoApplication   : Starting DdmdemoApplication using Java 21.0.2 with PID 18116 (D:\ftn\master\UDD-upravljanje-digitalnim-dokumentima\project\target\classes started by kukuc in D:\ftn\master\UDD-upravljanje-digitalnim-dokumentima\project)
2024-02-02T03:06:33.904+01:00  INFO 18116 --- [main] com.example.ddmdemo.DdmdemoApplication   : No active profile set, falling back to 1 default profile: "default"
2024-02-02T03:06:34.505+01:00  INFO 18116 --- [main] .s.d.r.c.RepositoryConfigurationDelegate : Multiple Spring Data modules found, entering strict repository configuration mode
2024-02-02T03:06:34.505+01:00  INFO 18116 --- [main] .s.d.r.c.RepositoryConfigurationDelegate : Bootstrapping Spring Data Elasticsearch repositories in DEFAULT mode.
2024-02-02T03:06:34.513+01:00  INFO 18116 --- [main] .s.d.r.c.RepositoryConfigurationDelegate : Finished Spring Data repository scanning in 2 ms. Found 0 Elasticsearch repository interfaces.
2024-02-02T03:06:34.639+01:00  INFO 18116 --- [main] .s.d.r.c.RepositoryConfigurationDelegate : Multiple Spring Data modules found, entering strict repository configuration mode
2024-02-02T03:06:34.640+01:00  INFO 18116 --- [main] .s.d.r.c.RepositoryConfigurationDelegate : Bootstrapping Spring Data Elasticsearch repositories in DEFAULT mode.
2024-02-02T03:06:34.661+01:00  INFO 18116 --- [main] .RepositoryConfigurationExtensionSupport : Spring Data Elasticsearch - Could not safely identify store assignment for repository candidate interface com.example.ddmdemo.respository.DummyRepository; If you want this repository to be a Elasticsearch repository, consider annotating your entities with one of these annotations: org.springframework.data.elasticsearch.annotations.Document (preferred), or consider extending one of the following types with your repository: org.springframework.data.elasticsearch.repository.ElasticsearchRepository, org.springframework.data.elasticsearch.repository.ElasticsearchRepository
2024-02-02T03:06:34.674+01:00  INFO 18116 --- [main] .s.d.r.c.RepositoryConfigurationDelegate : Finished Spring Data repository scanning in 34 ms. Found 1 Elasticsearch repository interfaces.
2024-02-02T03:06:34.677+01:00  INFO 18116 --- [main] .s.d.r.c.RepositoryConfigurationDelegate : Multiple Spring Data modules found, entering strict repository configuration mode
2024-02-02T03:06:34.678+01:00  INFO 18116 --- [main] .s.d.r.c.RepositoryConfigurationDelegate : Bootstrapping Spring Data Reactive Elasticsearch repositories in DEFAULT mode.
2024-02-02T03:06:34.683+01:00  INFO 18116 --- [main] .RepositoryConfigurationExtensionSupport : Spring Data Reactive Elasticsearch - Could not safely identify store assignment for repository candidate interface com.example.ddmdemo.respository.DummyRepository; If you want this repository to be a Reactive Elasticsearch repository, consider annotating your entities with one of these annotations: org.springframework.data.elasticsearch.annotations.Document (preferred), or consider extending one of the following types with your repository: org.springframework.data.elasticsearch.repository.ReactiveElasticsearchRepository
2024-02-02T03:06:34.683+01:00  INFO 18116 --- [main] .s.d.r.c.RepositoryConfigurationDelegate : Finished Spring Data repository scanning in 4 ms. Found 0 Reactive Elasticsearch repository interfaces.
2024-02-02T03:06:34.688+01:00  INFO 18116 --- [main] .s.d.r.c.RepositoryConfigurationDelegate : Multiple Spring Data modules found, entering strict repository configuration mode
2024-02-02T03:06:34.688+01:00  INFO 18116 --- [main] .s.d.r.c.RepositoryConfigurationDelegate : Bootstrapping Spring Data JPA repositories in DEFAULT mode.
2024-02-02T03:06:34.693+01:00  INFO 18116 --- [main] .RepositoryConfigurationExtensionSupport : Spring Data JPA - Could not safely identify store assignment for repository candidate interface com.example.ddmdemo.indexrepository.DummyIndexRepository; If you want this repository to be a JPA repository, consider annotating your entities with one of these annotations: jakarta.persistence.Entity, jakarta.persistence.MappedSuperclass (preferred), or consider extending one of the following types with your repository: org.springframework.data.jpa.repository.JpaRepository
2024-02-02T03:06:34.697+01:00  INFO 18116 --- [main] .s.d.r.c.RepositoryConfigurationDelegate : Finished Spring Data repository scanning in 6 ms. Found 1 JPA repository interfaces.
2024-02-02T03:06:34.880+01:00  INFO 18116 --- [main] o.s.cloud.context.scope.GenericScope     : BeanFactory id=cab62715-590e-3de4-8b3f-78763c09c71c
2024-02-02T03:06:35.280+01:00  INFO 18116 --- [main] o.s.b.w.embedded.tomcat.TomcatWebServer  : Tomcat initialized with port(s): 8080 (http)
2024-02-02T03:06:35.300+01:00  INFO 18116 --- [main] o.apache.catalina.core.StandardService   : Starting service [Tomcat]
2024-02-02T03:06:35.301+01:00  INFO 18116 --- [main] o.apache.catalina.core.StandardEngine    : Starting Servlet engine: [Apache Tomcat/10.1.15]
2024-02-02T03:06:35.421+01:00  INFO 18116 --- [main] o.a.c.c.C.[Tomcat].[localhost].[/]       : Initializing Spring embedded WebApplicationContext
2024-02-02T03:06:35.421+01:00  INFO 18116 --- [main] w.s.c.ServletWebServerApplicationContext : Root WebApplicationContext: initialization completed in 1464 ms
2024-02-02T03:06:35.670+01:00  INFO 18116 --- [main] o.hibernate.jpa.internal.util.LogHelper  : HHH000204: Processing PersistenceUnitInfo [name: default]
2024-02-02T03:06:35.748+01:00  INFO 18116 --- [main] org.hibernate.Version                    : HHH000412: Hibernate ORM core version 6.2.13.Final
2024-02-02T03:06:35.750+01:00  INFO 18116 --- [main] org.hibernate.cfg.Environment            : HHH000406: Using bytecode reflection optimizer
2024-02-02T03:06:35.959+01:00  INFO 18116 --- [main] o.s.o.j.p.SpringPersistenceUnitInfo      : No LoadTimeWeaver setup: ignoring JPA class transformer
2024-02-02T03:06:35.980+01:00  INFO 18116 --- [main] com.zaxxer.hikari.HikariDataSource       : HikariPool-1 - Starting...
2024-02-02T03:06:36.118+01:00  INFO 18116 --- [main] com.zaxxer.hikari.pool.HikariPool        : HikariPool-1 - Added connection org.postgresql.jdbc.PgConnection@76596288
2024-02-02T03:06:36.119+01:00  INFO 18116 --- [main] com.zaxxer.hikari.HikariDataSource       : HikariPool-1 - Start completed.
2024-02-02T03:06:36.144+01:00  WARN 18116 --- [main] org.hibernate.orm.deprecation            : HHH90000025: PostgreSQLDialect does not need to be specified explicitly using 'hibernate.dialect' (remove the property setting and it will be selected by default)
2024-02-02T03:06:36.681+01:00  INFO 18116 --- [main] o.h.e.t.j.p.i.JtaPlatformInitiator       : HHH000489: No JTA platform available (set 'hibernate.transaction.jta.platform' to enable JTA platform integration)
2024-02-02T03:06:36.704+01:00  INFO 18116 --- [main] j.LocalContainerEntityManagerFactoryBean : Initialized JPA EntityManagerFactory for persistence unit 'default'
2024-02-02T03:06:38.189+01:00  INFO 18116 --- [main] o.s.b.a.w.s.WelcomePageHandlerMapping    : Adding welcome page: class path resource [static/index.html]
2024-02-02T03:06:38.472+01:00  INFO 18116 --- [main] o.s.b.w.embedded.tomcat.TomcatWebServer  : Tomcat started on port(s): 8080 (http) with context path ''
2024-02-02T03:06:38.484+01:00  INFO 18116 --- [main] com.example.ddmdemo.DdmdemoApplication   : Started DdmdemoApplication in 4.934 seconds (process running for 5.267)
2024-02-02T03:06:52.316+01:00  INFO 18116 --- [http-nio-0.0.0.0-8080-exec-1] o.a.c.c.C.[Tomcat].[localhost].[/]       : Initializing Spring DispatcherServlet 'dispatcherServlet'
2024-02-02T03:06:52.316+01:00  INFO 18116 --- [http-nio-0.0.0.0-8080-exec-1] o.s.web.servlet.DispatcherServlet        : Initializing Servlet 'dispatcherServlet'
2024-02-02T03:06:52.317+01:00  INFO 18116 --- [http-nio-0.0.0.0-8080-exec-1] o.s.web.servlet.DispatcherServlet        : Completed initialization in 1 ms
